Flutter crash report; please file at https://github.com/flutter/flutter/issues.

## command

flutter 

## exception

VersionCheckError: VersionCheckError: Command exited with code 1: git -c log.showSignature=false log -n 1 --pretty=format:%ad --date=iso
Standard error: This version of c:\apl\git64\bin\git.exe is not compatible with the version of Windows you're running. Check your computer's system information and then contact the software publisher.


```
#0      _runSync (package:flutter_tools/src/version.dart:543:5)
#1      FlutterVersion._latestGitCommitDate (package:flutter_tools/src/version.dart:143:12)
#2      FlutterVersion.frameworkCommitDate (package:flutter_tools/src/version.dart:133:37)
#3      FlutterVersion.checkFlutterVersionFreshness (package:flutter_tools/src/version.dart:294:62)
#4      FlutterCommandRunner.runCommand.<anonymous closure> (package:flutter_tools/src/runner/flutter_command_runner.dart:388:41)
<asynchronous suspension>
#5      AppContext.run.<anonymous closure> (package:flutter_tools/src/base/context.dart:146:29)
#6      _rootRun (dart:async/zone.dart:1126:13)
#7      _CustomZone.run (dart:async/zone.dart:1023:19)
#8      _runZoned (dart:async/zone.dart:1518:10)
#9      runZoned (dart:async/zone.dart:1465:12)
#10     AppContext.run (package:flutter_tools/src/base/context.dart:145:18)
#11     FlutterCommandRunner.runCommand (package:flutter_tools/src/runner/flutter_command_runner.dart:364:19)
#12     CommandRunner.run.<anonymous closure> (package:args/command_runner.dart:112:25)
#13     new Future.sync (dart:async/future.dart:224:31)
#14     CommandRunner.run (package:args/command_runner.dart:112:14)
#15     FlutterCommandRunner.run (package:flutter_tools/src/runner/flutter_command_runner.dart:250:18)
#16     run.<anonymous closure>.<anonymous closure> (package:flutter_tools/runner.dart:63:22)
#17     _rootRun (dart:async/zone.dart:1126:13)
#18     _CustomZone.run (dart:async/zone.dart:1023:19)
#19     _runZoned (dart:async/zone.dart:1518:10)
#20     runZoned (dart:async/zone.dart:1502:12)
#21     run.<anonymous closure> (package:flutter_tools/runner.dart:61:18)
<asynchronous suspension>
#22     AppContext.run.<anonymous closure> (package:flutter_tools/src/base/context.dart:146:29)
#23     _rootRun (dart:async/zone.dart:1126:13)
#24     _CustomZone.run (dart:async/zone.dart:1023:19)
#25     _runZoned (dart:async/zone.dart:1518:10)
#26     runZoned (dart:async/zone.dart:1465:12)
#27     AppContext.run (package:flutter_tools/src/base/context.dart:145:18)
#28     runInContext (package:flutter_tools/src/context_runner.dart:64:24)
#29     run (package:flutter_tools/runner.dart:50:10)
#30     main (package:flutter_tools/executable.dart:65:9)
#31     main (file:///C:/b/s/w/ir/k/archive/flutter/packages/flutter_tools/bin/flutter_tools.dart:8:3)
#32     _startIsolate.<anonymous closure> (dart:isolate-patch/isolate_patch.dart:305:32)
#33     _RawReceivePortImpl._handleMessage (dart:isolate-patch/isolate_patch.dart:174:12)
```

## flutter doctor

```
[33m[!][39m Flutter (Channel stable, v0.0.0-unknown, on Microsoft Windows [Version
    10.0.17763.914], locale en-GB)
    [32m•[39m Flutter version 0.0.0-unknown at c:\APL\Google\Flutter
    [31m✗[39m Command exited with code 1: git -c log.showSignature=false log -n 1
      --pretty=format:%ad --date=iso
      Standard error: This version of c:\apl\git64\bin\git.exe is not compatible with
      the version of Windows you're running. Check your computer's system information
      and then contact the software publisher.


[33m[!][39m Android toolchain - develop for Android devices (Android SDK version 29.0.2)
    [32m•[39m Android SDK at C:\Users\ZEEX\AppData\Local\Android\sdk
    [32m•[39m Android NDK location not configured (optional; useful for native profiling
      support)
    [32m•[39m Platform android-29, build-tools 29.0.2
    [32m•[39m Java binary at: C:\DAT\#Scripts\java.cmd
    [32m•[39m Java version Java(TM) SE Runtime Environment (build 1.8.0_45-b15)
    [31m✗[39m Android license status unknown.
      Try re-installing or updating your Android SDK Manager.
      See https://developer.android.com/studio/#downloads or visit
      https://flutter.dev/setup/#android-setup for detailed instructions.

[33m[!][39m Android Studio (not installed)
    [32m•[39m Android Studio not found; download from
      https://developer.android.com/studio/index.html
      (or visit https://flutter.dev/setup/#android-setup for detailed instructions).

[33m[!][39m Connected device
    [33m![39m No devices available

[33m![39m Doctor found issues in 4 categories.
```
